build/app/intermediates/manifest_merge_blame_file/release/manifest-merger-blame-release-report.txt
1<?xml version="1.0" encoding="utf-8"?>
2<manifest xmlns:android="http://schemas.android.com/apk/res/android"
3    package="com.ram.flutterthreadexample"
4    android:versionCode="2"
5    android:versionName="1.0.1" >
6
7    <uses-sdk
8        android:minSdkVersion="21"
8-->src\main\AndroidManifest.xml
9        android:targetSdkVersion="30" />
9-->src\main\AndroidManifest.xml
10
11    <uses-permission android:name="android.permission.READ_EXTERNAL_STORAGE" />
11-->[:image_picker] AndroidManifest.xml:7:5-80
11-->[:image_picker] AndroidManifest.xml:7:22-77
12    <uses-permission android:name="android.permission.WRITE_EXTERNAL_STORAGE" /> <!-- Although the *SdkVersion is captured in gradle build files, this is required for non gradle builds -->
12-->[:image_picker] AndroidManifest.xml:8:5-81
12-->[:image_picker] AndroidManifest.xml:8:22-78
13    <!-- <uses-sdk android:minSdkVersion="14"/> -->
14    <uses-permission android:name="android.permission.ACCESS_NETWORK_STATE" />
14-->[com.google.firebase:firebase-storage:17.0.0] AndroidManifest.xml:26:5-79
14-->[com.google.firebase:firebase-storage:17.0.0] AndroidManifest.xml:26:22-76
15    <uses-permission android:name="android.permission.INTERNET" />
15-->[com.google.firebase:firebase-storage:17.0.0] AndroidManifest.xml:27:5-67
15-->[com.google.firebase:firebase-storage:17.0.0] AndroidManifest.xml:27:22-64
16    <uses-permission android:name="android.permission.WAKE_LOCK" /> <!-- Required by older versions of Google Play services to create IID tokens -->
16-->[com.google.android.gms:play-services-measurement-api:17.5.0] AndroidManifest.xml:24:5-68
16-->[com.google.android.gms:play-services-measurement-api:17.5.0] AndroidManifest.xml:24:22-65
17    <uses-permission android:name="com.google.android.c2dm.permission.RECEIVE" />
17-->[com.google.firebase:firebase-iid:20.0.1] AndroidManifest.xml:26:5-82
17-->[com.google.firebase:firebase-iid:20.0.1] AndroidManifest.xml:26:22-79
18    <uses-permission android:name="com.google.android.finsky.permission.BIND_GET_INSTALL_REFERRER_SERVICE" />
18-->[com.google.android.gms:play-services-measurement:17.5.0] AndroidManifest.xml:26:5-110
18-->[com.google.android.gms:play-services-measurement:17.5.0] AndroidManifest.xml:26:22-107
19    <!--
20 io.flutter.app.FlutterApplication is an android.app.Application that
21         calls FlutterMain.startInitialization(this); in its onCreate method.
22         In most cases you can leave this as-is, but you if you want to provide
23         additional functionality it is fine to subclass or reimplement
24         FlutterApplication and put your custom class here.
25    -->
26    <application
26-->src\main\AndroidManifest.xml:8:5-39:19
27        android:name="com.ram.flutterthreadexample.Application"
27-->src\main\AndroidManifest.xml:9:9-36
28        android:appComponentFactory="androidx.core.app.CoreComponentFactory"
28-->[androidx.core:core:1.2.0] AndroidManifest.xml:24:18-86
29        android:icon="@mipmap/ic_launcher"
29-->src\main\AndroidManifest.xml:11:9-43
30        android:label="kavithai" >
30-->src\main\AndroidManifest.xml:10:9-33
31        <activity
31-->src\main\AndroidManifest.xml:12:9-27:20
32            android:name="com.ram.flutterthreadexample.MainActivity"
32-->src\main\AndroidManifest.xml:13:13-41
33            android:configChanges="orientation|keyboardHidden|keyboard|screenSize|smallestScreenSize|locale|layoutDirection|fontScale|screenLayout|density|uiMode"
33-->src\main\AndroidManifest.xml:16:13-163
34            android:hardwareAccelerated="true"
34-->src\main\AndroidManifest.xml:17:13-47
35            android:launchMode="singleTop"
35-->src\main\AndroidManifest.xml:14:13-43
36            android:theme="@style/LaunchTheme"
36-->src\main\AndroidManifest.xml:15:13-47
37            android:windowSoftInputMode="adjustResize" >
37-->src\main\AndroidManifest.xml:18:13-55
38            <intent-filter>
38-->src\main\AndroidManifest.xml:19:13-22:29
39                <action android:name="android.intent.action.MAIN" />
39-->src\main\AndroidManifest.xml:20:17-68
39-->src\main\AndroidManifest.xml:20:25-66
40
41                <category android:name="android.intent.category.LAUNCHER" />
41-->src\main\AndroidManifest.xml:21:17-76
41-->src\main\AndroidManifest.xml:21:27-74
42            </intent-filter>
43            <intent-filter>
43-->src\main\AndroidManifest.xml:23:13-26:29
44                <action android:name="FLUTTER_NOTIFICATION_CLICK" />
44-->src\main\AndroidManifest.xml:24:17-69
44-->src\main\AndroidManifest.xml:24:25-66
45
46                <category android:name="android.intent.category.DEFAULT" />
46-->src\main\AndroidManifest.xml:25:17-76
46-->src\main\AndroidManifest.xml:25:27-73
47            </intent-filter>
48        </activity>
49        <activity
49-->src\main\AndroidManifest.xml:29:9-32:71
50            android:name="com.yalantis.ucrop.UCropActivity"
50-->src\main\AndroidManifest.xml:30:13-60
51            android:screenOrientation="portrait"
51-->src\main\AndroidManifest.xml:31:13-49
52            android:theme="@style/Theme.AppCompat.Light.NoActionBar" />
52-->src\main\AndroidManifest.xml:32:13-69
53
54        <!--
55             Don't delete the meta-data below.
56             This is used by the Flutter tool to generate GeneratedPluginRegistrant.java
57        -->
58        <meta-data
58-->src\main\AndroidManifest.xml:36:9-38:33
59            android:name="flutterEmbedding"
59-->src\main\AndroidManifest.xml:37:13-44
60            android:value="2" />
60-->src\main\AndroidManifest.xml:38:13-30
61
62        <service
62-->[:firebase_storage] AndroidManifest.xml:8:9-12:19
63            android:name="com.google.firebase.components.ComponentDiscoveryService"
63-->[:firebase_storage] AndroidManifest.xml:8:18-89
64            android:directBootAware="true"
64-->[com.google.firebase:firebase-common:19.3.0] AndroidManifest.xml:34:13-43
65            android:exported="false" >
65-->[com.google.firebase:firebase-firestore:21.3.0] AndroidManifest.xml:19:13-37
66            <meta-data
66-->[:firebase_storage] AndroidManifest.xml:9:13-11:85
67                android:name="com.google.firebase.components:io.flutter.plugins.firebase.storage.FlutterFirebaseAppRegistrar"
67-->[:firebase_storage] AndroidManifest.xml:10:17-126
68                android:value="com.google.firebase.components.ComponentRegistrar" />
68-->[:firebase_storage] AndroidManifest.xml:11:17-82
69            <meta-data
69-->[:cloud_firestore] AndroidManifest.xml:9:13-11:85
70                android:name="com.google.firebase.components:io.flutter.plugins.firebase.cloudfirestore.FlutterFirebaseAppRegistrar"
70-->[:cloud_firestore] AndroidManifest.xml:10:17-133
71                android:value="com.google.firebase.components.ComponentRegistrar" />
71-->[:cloud_firestore] AndroidManifest.xml:11:17-82
72            <meta-data
72-->[:firebase_core] AndroidManifest.xml:9:13-11:85
73                android:name="com.google.firebase.components:io.flutter.plugins.firebase.core.FlutterFirebaseAppRegistrar"
73-->[:firebase_core] AndroidManifest.xml:10:17-123
74                android:value="com.google.firebase.components.ComponentRegistrar" />
74-->[:firebase_core] AndroidManifest.xml:11:17-82
75            <meta-data
75-->[:firebase_messaging] AndroidManifest.xml:14:13-16:85
76                android:name="com.google.firebase.components:io.flutter.plugins.firebasemessaging.FlutterFirebaseAppRegistrar"
76-->[:firebase_messaging] AndroidManifest.xml:15:17-127
77                android:value="com.google.firebase.components.ComponentRegistrar" />
77-->[:firebase_messaging] AndroidManifest.xml:16:17-82
78            <meta-data
78-->[com.google.firebase:firebase-storage:17.0.0] AndroidManifest.xml:31:13-33:85
79                android:name="com.google.firebase.components:com.google.firebase.storage.StorageRegistrar"
79-->[com.google.firebase:firebase-storage:17.0.0] AndroidManifest.xml:32:17-107
80                android:value="com.google.firebase.components.ComponentRegistrar" />
80-->[com.google.firebase:firebase-storage:17.0.0] AndroidManifest.xml:33:17-82
81            <meta-data
81-->[com.google.firebase:firebase-firestore:21.3.0] AndroidManifest.xml:20:13-22:85
82                android:name="com.google.firebase.components:com.google.firebase.firestore.FirestoreRegistrar"
82-->[com.google.firebase:firebase-firestore:21.3.0] AndroidManifest.xml:21:17-111
83                android:value="com.google.firebase.components.ComponentRegistrar" />
83-->[com.google.firebase:firebase-firestore:21.3.0] AndroidManifest.xml:22:17-82
84            <meta-data
84-->[com.google.android.gms:play-services-measurement-api:17.5.0] AndroidManifest.xml:30:13-32:85
85                android:name="com.google.firebase.components:com.google.firebase.analytics.connector.internal.AnalyticsConnectorRegistrar"
85-->[com.google.android.gms:play-services-measurement-api:17.5.0] AndroidManifest.xml:31:17-139
86                android:value="com.google.firebase.components.ComponentRegistrar" />
86-->[com.google.android.gms:play-services-measurement-api:17.5.0] AndroidManifest.xml:32:17-82
87            <meta-data
87-->[com.google.firebase:firebase-iid:20.0.1] AndroidManifest.xml:32:13-34:85
88                android:name="com.google.firebase.components:com.google.firebase.iid.Registrar"
88-->[com.google.firebase:firebase-iid:20.0.1] AndroidManifest.xml:33:17-96
89                android:value="com.google.firebase.components.ComponentRegistrar" />
89-->[com.google.firebase:firebase-iid:20.0.1] AndroidManifest.xml:34:17-82
90            <meta-data
90-->[com.google.firebase:firebase-installations:16.3.2] AndroidManifest.xml:17:13-19:85
91                android:name="com.google.firebase.components:com.google.firebase.installations.FirebaseInstallationsRegistrar"
91-->[com.google.firebase:firebase-installations:16.3.2] AndroidManifest.xml:18:17-127
92                android:value="com.google.firebase.components.ComponentRegistrar" />
92-->[com.google.firebase:firebase-installations:16.3.2] AndroidManifest.xml:19:17-82
93        </service>
94
95        <provider
95-->[:image_picker] AndroidManifest.xml:11:9-19:20
96            android:name="io.flutter.plugins.imagepicker.ImagePickerFileProvider"
96-->[:image_picker] AndroidManifest.xml:12:13-82
97            android:authorities="com.ram.flutterthreadexample.flutter.image_provider"
97-->[:image_picker] AndroidManifest.xml:13:13-74
98            android:exported="false"
98-->[:image_picker] AndroidManifest.xml:14:13-37
99            android:grantUriPermissions="true" >
99-->[:image_picker] AndroidManifest.xml:15:13-47
100            <meta-data
100-->[:image_picker] AndroidManifest.xml:16:13-18:75
101                android:name="android.support.FILE_PROVIDER_PATHS"
101-->[:image_picker] AndroidManifest.xml:17:17-67
102                android:resource="@xml/flutter_image_picker_file_paths" />
102-->[:image_picker] AndroidManifest.xml:18:17-72
103        </provider>
104
105        <service android:name="io.flutter.plugins.firebasemessaging.FlutterFirebaseMessagingService" >
105-->[:firebase_messaging] AndroidManifest.xml:8:9-12:19
105-->[:firebase_messaging] AndroidManifest.xml:8:18-101
106            <intent-filter>
106-->[:firebase_messaging] AndroidManifest.xml:9:13-11:29
107                <action android:name="com.google.firebase.MESSAGING_EVENT" />
107-->[:firebase_messaging] AndroidManifest.xml:10:17-78
107-->[:firebase_messaging] AndroidManifest.xml:10:25-75
108            </intent-filter>
109        </service>
110
111        <activity
111-->[:url_launcher] AndroidManifest.xml:8:9-11:74
112            android:name="io.flutter.plugins.urllauncher.WebViewActivity"
112-->[:url_launcher] AndroidManifest.xml:9:13-74
113            android:exported="false"
113-->[:url_launcher] AndroidManifest.xml:10:13-37
114            android:theme="@android:style/Theme.NoTitleBar.Fullscreen" />
114-->[:url_launcher] AndroidManifest.xml:11:13-71
115        <!--
116             FirebaseMessagingService performs security checks at runtime,
117             but set to not exported to explicitly avoid allowing another app to call it.
118        -->
119        <service
119-->[com.google.firebase:firebase-messaging:20.0.1] AndroidManifest.xml:28:9-34:19
120            android:name="com.google.firebase.messaging.FirebaseMessagingService"
120-->[com.google.firebase:firebase-messaging:20.0.1] AndroidManifest.xml:29:13-82
121            android:exported="false" >
121-->[com.google.firebase:firebase-messaging:20.0.1] AndroidManifest.xml:30:13-37
122            <intent-filter android:priority="-500" >
122-->[:firebase_messaging] AndroidManifest.xml:9:13-11:29
123                <action android:name="com.google.firebase.MESSAGING_EVENT" />
123-->[:firebase_messaging] AndroidManifest.xml:10:17-78
123-->[:firebase_messaging] AndroidManifest.xml:10:25-75
124            </intent-filter>
125        </service>
126
127        <receiver
127-->[com.google.firebase:firebase-iid:20.0.1] AndroidManifest.xml:37:9-44:20
128            android:name="com.google.firebase.iid.FirebaseInstanceIdReceiver"
128-->[com.google.firebase:firebase-iid:20.0.1] AndroidManifest.xml:38:13-78
129            android:exported="true"
129-->[com.google.firebase:firebase-iid:20.0.1] AndroidManifest.xml:39:13-36
130            android:permission="com.google.android.c2dm.permission.SEND" >
130-->[com.google.firebase:firebase-iid:20.0.1] AndroidManifest.xml:40:13-73
131            <intent-filter>
131-->[com.google.firebase:firebase-iid:20.0.1] AndroidManifest.xml:41:13-43:29
132                <action android:name="com.google.android.c2dm.intent.RECEIVE" />
132-->[com.google.firebase:firebase-iid:20.0.1] AndroidManifest.xml:42:17-81
132-->[com.google.firebase:firebase-iid:20.0.1] AndroidManifest.xml:42:25-78
133            </intent-filter>
134        </receiver>
135
136        <provider
136-->[com.google.firebase:firebase-common:19.3.0] AndroidManifest.xml:26:9-30:39
137            android:name="com.google.firebase.provider.FirebaseInitProvider"
137-->[com.google.firebase:firebase-common:19.3.0] AndroidManifest.xml:27:13-77
138            android:authorities="com.ram.flutterthreadexample.firebaseinitprovider"
138-->[com.google.firebase:firebase-common:19.3.0] AndroidManifest.xml:28:13-72
139            android:exported="false"
139-->[com.google.firebase:firebase-common:19.3.0] AndroidManifest.xml:29:13-37
140            android:initOrder="100" />
140-->[com.google.firebase:firebase-common:19.3.0] AndroidManifest.xml:30:13-36
141
142        <receiver
142-->[com.google.android.gms:play-services-measurement:17.5.0] AndroidManifest.xml:29:9-33:20
143            android:name="com.google.android.gms.measurement.AppMeasurementReceiver"
143-->[com.google.android.gms:play-services-measurement:17.5.0] AndroidManifest.xml:30:13-85
144            android:enabled="true"
144-->[com.google.android.gms:play-services-measurement:17.5.0] AndroidManifest.xml:31:13-35
145            android:exported="false" >
145-->[com.google.android.gms:play-services-measurement:17.5.0] AndroidManifest.xml:32:13-37
146        </receiver>
147
148        <service
148-->[com.google.android.gms:play-services-measurement:17.5.0] AndroidManifest.xml:35:9-38:40
149            android:name="com.google.android.gms.measurement.AppMeasurementService"
149-->[com.google.android.gms:play-services-measurement:17.5.0] AndroidManifest.xml:36:13-84
150            android:enabled="true"
150-->[com.google.android.gms:play-services-measurement:17.5.0] AndroidManifest.xml:37:13-35
151            android:exported="false" />
151-->[com.google.android.gms:play-services-measurement:17.5.0] AndroidManifest.xml:38:13-37
152        <service
152-->[com.google.android.gms:play-services-measurement:17.5.0] AndroidManifest.xml:39:9-43:72
153            android:name="com.google.android.gms.measurement.AppMeasurementJobService"
153-->[com.google.android.gms:play-services-measurement:17.5.0] AndroidManifest.xml:40:13-87
154            android:enabled="true"
154-->[com.google.android.gms:play-services-measurement:17.5.0] AndroidManifest.xml:41:13-35
155            android:exported="false"
155-->[com.google.android.gms:play-services-measurement:17.5.0] AndroidManifest.xml:42:13-37
156            android:permission="android.permission.BIND_JOB_SERVICE" />
156-->[com.google.android.gms:play-services-measurement:17.5.0] AndroidManifest.xml:43:13-69
157
158        <activity
158-->[com.google.android.gms:play-services-base:17.0.0] AndroidManifest.xml:23:9-26:75
159            android:name="com.google.android.gms.common.api.GoogleApiActivity"
159-->[com.google.android.gms:play-services-base:17.0.0] AndroidManifest.xml:24:13-79
160            android:exported="false"
160-->[com.google.android.gms:play-services-base:17.0.0] AndroidManifest.xml:25:13-37
161            android:theme="@android:style/Theme.Translucent.NoTitleBar" />
161-->[com.google.android.gms:play-services-base:17.0.0] AndroidManifest.xml:26:13-72
162
163        <meta-data
163-->[com.google.android.gms:play-services-basement:17.0.0] AndroidManifest.xml:23:9-25:69
164            android:name="com.google.android.gms.version"
164-->[com.google.android.gms:play-services-basement:17.0.0] AndroidManifest.xml:24:13-58
165            android:value="@integer/google_play_services_version" />
165-->[com.google.android.gms:play-services-basement:17.0.0] AndroidManifest.xml:25:13-66
166    </application>
167
168</manifest>